2026-04-20 17:50:45,501 - INFO - CPU OK: 11.4%
2026-04-20 17:50:45,501 - INFO - Memory OK: 55.1%
2026-04-20 17:50:45,502 - INFO - DISK OK: 3.6%
2026-04-20 19:47:33,286 - INFO - CPU OK: 5.4%
2026-04-20 19:47:33,288 - INFO - Memory OK: 55.4%
2026-04-20 19:47:33,288 - INFO - DISK OK: 3.6%
2026-04-20 19:48:34,538 - INFO - CPU OK: 3.4%
2026-04-20 19:48:34,538 - INFO - Memory OK: 58.2%
2026-04-20 19:48:34,538 - INFO - DISK OK: 3.6%
2026-04-20 19:49:35,782 - INFO - CPU OK: 12.1%
2026-04-20 19:49:35,783 - INFO - Memory OK: 56.6%
2026-04-20 19:49:35,783 - INFO - DISK OK: 3.6%
2026-04-20 19:50:37,044 - INFO - CPU OK: 6.5%
2026-04-20 19:50:37,044 - INFO - Memory OK: 57.5%
2026-04-20 19:50:37,044 - INFO - DISK OK: 3.6%
2026-04-20 19:51:34,150 - INFO - CPU OK: 4.7%
2026-04-20 19:51:34,150 - INFO - Memory OK: 56.2%
2026-04-20 19:51:34,151 - INFO - DISK OK: 3.6%
2026-04-20 19:52:34,911 - INFO - CPU OK: 3.2%
2026-04-20 19:52:34,911 - INFO - Memory OK: 57.3%
2026-04-20 19:52:34,912 - INFO - DISK OK: 3.6%
2026-04-20 19:53:37,789 - INFO - CPU OK: 7.8%
2026-04-20 19:53:37,790 - INFO - Memory OK: 58.2%
2026-04-20 19:53:37,790 - INFO - DISK OK: 3.6%
2026-04-20 19:53:48,836 - INFO - CPU OK: 2.6%
2026-04-20 19:53:48,837 - INFO - Memory OK: 58.0%
2026-04-20 19:53:48,837 - INFO - DISK OK: 3.6%
2026-04-20 19:53:59,882 - INFO - CPU OK: 2.1%
2026-04-20 19:53:59,882 - INFO - Memory OK: 57.5%
2026-04-20 19:53:59,882 - INFO - DISK OK: 3.6%
2026-04-20 19:56:35,602 - INFO - CPU OK: 6.6%
2026-04-20 19:56:35,603 - INFO - Memory OK: 55.5%
2026-04-20 19:56:35,603 - INFO - DISK OK: 3.6%
2026-04-20 19:57:27,724 - INFO - CPU OK: 10.9%
2026-04-20 19:57:27,724 - INFO - Memory OK: 58.5%
2026-04-20 19:57:27,725 - INFO - DISK OK: 3.6%
2026-04-20 19:58:28,956 - INFO - CPU OK: 3.6%
2026-04-20 19:58:28,957 - INFO - Memory OK: 60.8%
2026-04-20 19:58:28,957 - INFO - DISK OK: 3.6%
2026-04-20 21:31:02,095 - WARNING - HIGH CPU ALERT: 5.8% (Threshold:2%)
2026-04-20 21:31:02,096 - ERROR - Failed to send email: name 'mag' is not defined
2026-04-20 21:31:02,097 - INFO - Memory OK: 60.7%
2026-04-20 21:31:02,097 - INFO - DISK OK: 3.6%
2026-04-20 21:31:50,227 - WARNING - HIGH CPU ALERT: 7.0% (Threshold:2%)
2026-04-20 21:31:50,227 - ERROR - Failed to send email: name 'mag' is not defined
2026-04-20 21:31:50,228 - INFO - Memory OK: 61.6%
2026-04-20 21:31:50,228 - INFO - DISK OK: 3.6%
2026-04-20 21:32:21,372 - WARNING - HIGH CPU ALERT: 3.3% (Threshold:2%)
2026-04-20 21:32:21,373 - ERROR - Failed to send email: name 'mag' is not defined
2026-04-20 21:32:21,373 - INFO - Memory OK: 61.8%
2026-04-20 21:32:21,373 - INFO - DISK OK: 3.6%
2026-04-20 21:32:52,506 - WARNING - HIGH CPU ALERT: 3.6% (Threshold:2%)
2026-04-20 21:32:52,507 - ERROR - Failed to send email: name 'mag' is not defined
2026-04-20 21:32:52,507 - INFO - Memory OK: 62.8%
2026-04-20 21:32:52,507 - INFO - DISK OK: 3.6%
2026-04-20 21:36:38,768 - WARNING - HIGH CPU ALERT: 3.3% (Threshold:2%)
2026-04-20 21:36:38,768 - ERROR - Failed to send email: name 'mag' is not defined
2026-04-20 21:36:38,768 - INFO - Memory OK: 60.2%
2026-04-20 21:36:38,769 - INFO - DISK OK: 3.6%
2026-04-20 21:37:09,896 - WARNING - HIGH CPU ALERT: 7.4% (Threshold:2%)
2026-04-20 21:37:09,897 - ERROR - Failed to send email: name 'mag' is not defined
2026-04-20 21:37:09,897 - INFO - Memory OK: 60.1%
2026-04-20 21:37:09,897 - INFO - DISK OK: 3.6%
2026-04-20 21:37:41,032 - WARNING - HIGH CPU ALERT: 7.9% (Threshold:2%)
2026-04-20 21:37:41,032 - ERROR - Failed to send email: name 'mag' is not defined
2026-04-20 21:37:41,032 - INFO - Memory OK: 60.5%
2026-04-20 21:37:41,033 - INFO - DISK OK: 3.6%
2026-04-20 21:38:09,493 - WARNING - HIGH CPU ALERT: 3.3% (Threshold:2%)
2026-04-20 21:38:17,453 - INFO - Alert email sent: HIGH CPU ALERT
2026-04-20 21:38:17,454 - INFO - Memory OK: 60.6%
2026-04-20 21:38:17,454 - INFO - DISK OK: 3.6%
2026-04-20 21:38:48,598 - INFO - CPU OK: 1.1%
2026-04-20 21:38:48,599 - INFO - Memory OK: 61.9%
2026-04-20 21:38:48,599 - INFO - DISK OK: 3.6%
2026-04-20 21:39:19,719 - WARNING - HIGH CPU ALERT: 12.3% (Threshold:2%)
2026-04-20 21:39:23,042 - INFO - Alert email sent: HIGH CPU ALERT
2026-04-20 21:39:23,042 - INFO - Memory OK: 62.6%
2026-04-20 21:39:23,042 - INFO - DISK OK: 3.6%
